|--- feature_0 <= 3.50
|   |--- feature_0 <= 2.50
|   |   |--- feature_0 <= 1.50
|   |   |   |--- feature_0 <= 0.50
|   |   |   |   |--- feature_1 <= 3.50
|   |   |   |   |   |--- feature_1 <= 2.50
|   |   |   |   |   |   |--- feature_1 <= 1.50
|   |   |   |   |   |   |   |--- feature_1 <= 0.50
|   |   |   |   |   |   |   |   |--- feature_2 <= 2.50
|   |   |   |   |   |   |   |   |   |--- feature_2 <= 1.50
|   |   |   |   |   |   |   |   |   |   |--- feature_3 <= 2.50
|   |   |   |   |   |   |   |   |   |   |   |--- class: 1
|   |   |   |   |   |   |   |   |   |   |--- feature_3 >  2.50
|   |   |   |   |   |   |   |   |   |   |   |--- class: 3
|   |   |   |   |   |   |   |   |   |--- feature_2 >  1.50
|   |   |   |   |   |   |   |   |   |   |--- class: 2
|   |   |   |   |   |   |   |   |--- feature_2 >  2.50
|   |   |   |   |   |   |   |   |   |--- feature_2 <= 3.50
|   |   |   |   |   |   |   |   |   |   |--- class: 3
|   |   |   |   |   |   |   |   |   |--- feature_2 >  3.50
|   |   |   |   |   |   |   |   |   |   |--- class: 4
|   |   |   |   |   |   |   |--- feature_1 >  0.50
|   |   |   |   |   |   |   |   |--- class: 1
|   |   |   |   |   |   |--- feature_1 >  1.50
|   |   |   |   |   |   |   |--- class: 2
|   |   |   |   |   |--- feature_1 >  2.50
|   |   |   |   |   |   |--- class: 3
|   |   |   |   |--- feature_1 >  3.50
|   |   |   |   |   |--- class: 4
|   |   |   |--- feature_0 >  0.50
|   |   |   |   |--- class: 1
|   |   |--- feature_0 >  1.50
|   |   |   |--- class: 2
|   |--- feature_0 >  2.50
|   |   |--- class: 3
|--- feature_0 >  3.50
|   |--- class: 4
